<?xml version="1.0" encoding="UTF-8"?>
<!-- Generated by org.testng.reporters.JUnitReportReporter -->
<testsuite hostname="LTIN229066" failures="0" tests="1" name="restResponses.getInfo" time="3.493" errors="0" timestamp="2023-04-24T10:35:53 IST" skipped="0">
  <testcase classname="restResponses.getInfo" name="getInfo" time="3.493"/>
  <system-out/>
</testsuite> <!-- restResponses.getInfo -->
