<?xml version="1.0" encoding="UTF-8"?>
<!-- Generated by org.testng.reporters.JUnitReportReporter -->
<testsuite hostname="LTIN229066" failures="0" tests="1" name="restResponses.patchChange" time="7.863" errors="0" timestamp="2023-04-13T16:44:14 IST" skipped="0">
  <testcase classname="restResponses.patchChange" name="patchChange" time="7.863"/>
  <system-out/>
</testsuite> <!-- restResponses.patchChange -->
