<?xml version="1.0" encoding="UTF-8"?>
<!-- Generated by org.testng.reporters.JUnitReportReporter -->
<testsuite hostname="LTIN229066" failures="0" tests="4" name="restResponseTest.test" time="16.885" errors="0" timestamp="2023-04-27T11:07:04 IST" skipped="0">
  <testcase classname="restResponseTest.test" name="post" time="11.067"/>
  <system-out/>
  <testcase classname="restResponseTest.test" name="get" time="2.277"/>
  <system-out/>
  <testcase classname="restResponseTest.test" name="put" time="1.653"/>
  <system-out/>
  <testcase classname="restResponseTest.test" name="delete" time="1.888"/>
  <system-out/>
</testsuite> <!-- restResponseTest.test -->
