<?xml version="1.0" encoding="UTF-8"?>
<!-- Generated by org.testng.reporters.JUnitReportReporter -->
<testsuite hostname="LTIN229066" failures="0" tests="2" name="restResponseTestRunner.TestRunner" time="23.591" errors="0" timestamp="2023-04-27T22:44:00 IST" skipped="0">
  <testcase classname="restResponseTestRunner.TestRunner" name="feature" time="16.424"/>
  <system-out/>
  <testcase classname="restResponseTestRunner.TestRunner" name="feature" time="7.167"/>
  <system-out/>
</testsuite> <!-- restResponseTestRunner.TestRunner -->
