<?xml version="1.0" encoding="UTF-8"?>
<!-- Generated by org.testng.reporters.JUnitReportReporter -->
<testsuite hostname="LTIN229066" failures="0" tests="1" name="restResponses.putUpdate" time="7.782" errors="0" timestamp="2023-04-13T16:40:12 IST" skipped="0">
  <testcase classname="restResponses.putUpdate" name="putUpdate" time="7.782"/>
  <system-out/>
</testsuite> <!-- restResponses.putUpdate -->
