<?xml version="1.0" encoding="UTF-8"?>
<!-- Generated by org.testng.reporters.JUnitReportReporter -->
<testsuite hostname="LTIN229066" failures="0" tests="1" name="restResponses.postCreate" time="5.405" errors="0" timestamp="2023-04-27T16:27:29 IST" skipped="0">
  <testcase classname="restResponses.postCreate" name="postCreate" time="5.405"/>
  <system-out/>
</testsuite> <!-- restResponses.postCreate -->
