<?xml version="1.0" encoding="UTF-8"?>
<!-- Generated by org.testng.reporters.JUnitReportReporter -->
<testsuite hostname="LTIN229066" failures="0" tests="1" name="restResponses.deleteBooking" time="8.614" errors="0" timestamp="2023-04-13T16:49:16 IST" skipped="0">
  <testcase classname="restResponses.deleteBooking" name="deleteBooking" time="8.614"/>
  <system-out/>
</testsuite> <!-- restResponses.deleteBooking -->
